Traceback (most recent call last):
  File "/usr/lib/python3.10/runpy.py", line 196, in _run_module_as_main
    return _run_code(code, main_globals, None,
  File "/usr/lib/python3.10/runpy.py", line 86, in _run_code
    exec(code, run_globals)
  File "/home/gauritrans/frappe-bench/apps/frappe/frappe/utils/bench_helper.py", line 109, in <module>
    main()
  File "/home/gauritrans/frappe-bench/apps/frappe/frappe/utils/bench_helper.py", line 18, in main
    click.Group(commands=commands)(prog_name="bench")
  File "/home/gauritrans/frappe-bench/env/lib/python3.10/site-packages/click/core.py", line 829, in __call__
    return self.main(*args, **kwargs)
  File "/home/gauritrans/frappe-bench/env/lib/python3.10/site-packages/click/core.py", line 782, in main
    rv = self.invoke(ctx)
  File "/home/gauritrans/frappe-bench/env/lib/python3.10/site-packages/click/core.py", line 1259, in invoke
    return _process_result(sub_ctx.command.invoke(sub_ctx))
  File "/home/gauritrans/frappe-bench/env/lib/python3.10/site-packages/click/core.py", line 1259, in invoke
    return _process_result(sub_ctx.command.invoke(sub_ctx))
  File "/home/gauritrans/frappe-bench/env/lib/python3.10/site-packages/click/core.py", line 1066, in invoke
    return ctx.invoke(self.callback, **ctx.params)
  File "/home/gauritrans/frappe-bench/env/lib/python3.10/site-packages/click/core.py", line 610, in invoke
    return callback(*args, **kwargs)
  File "/home/gauritrans/frappe-bench/apps/frappe/frappe/commands/scheduler.py", line 182, in start_scheduler
    start_scheduler()
  File "/home/gauritrans/frappe-bench/apps/frappe/frappe/utils/scheduler.py", line 41, in start_scheduler
    enqueue_events_for_all_sites()
  File "/home/gauritrans/frappe-bench/apps/frappe/frappe/utils/scheduler.py", line 51, in enqueue_events_for_all_sites
    with frappe.init_site():
  File "/home/gauritrans/frappe-bench/apps/frappe/frappe/__init__.py", line 341, in __enter__
    init(self.site)
  File "/home/gauritrans/frappe-bench/apps/frappe/frappe/__init__.py", line 248, in init
    setup_module_map()
  File "/home/gauritrans/frappe-bench/apps/frappe/frappe/__init__.py", line 1538, in setup_module_map
    for module in get_module_list(app):
  File "/home/gauritrans/frappe-bench/apps/frappe/frappe/__init__.py", line 1378, in get_module_list
    return get_file_items(os.path.join(os.path.dirname(get_module(app_name).__file__), "modules.txt"))
  File "/home/gauritrans/frappe-bench/apps/frappe/frappe/__init__.py", line 1327, in get_module
    return importlib.import_module(modulename)
  File "/usr/lib/python3.10/importlib/__init__.py", line 126, in import_module
    return _bootstrap._gcd_import(name[level:], package, level)
  File "<frozen importlib._bootstrap>", line 1050, in _gcd_import
  File "<frozen importlib._bootstrap>", line 1027, in _find_and_load
  File "<frozen importlib._bootstrap>", line 1004, in _find_and_load_unlocked
ModuleNotFoundError: No module named 'fcm_notification'
  File "/usr/lib/python3.10/runpy.py", line 196, in _run_module_as_main
    return _run_code(code, main_globals, None,
  File "/usr/lib/python3.10/runpy.py", line 86, in _run_code
    exec(code, run_globals)
  File "/home/gauritrans/frappe-bench/apps/frappe/frappe/utils/bench_helper.py", line 109, in <module>
    main()
  File "/home/gauritrans/frappe-bench/apps/frappe/frappe/utils/bench_helper.py", line 18, in main
    click.Group(commands=commands)(prog_name="bench")
  File "/home/gauritrans/frappe-bench/env/lib/python3.10/site-packages/click/core.py", line 829, in __call__
    return self.main(*args, **kwargs)
  File "/home/gauritrans/frappe-bench/env/lib/python3.10/site-packages/click/core.py", line 782, in main
    rv = self.invoke(ctx)
  File "/home/gauritrans/frappe-bench/env/lib/python3.10/site-packages/click/core.py", line 1259, in invoke
    return _process_result(sub_ctx.command.invoke(sub_ctx))
  File "/home/gauritrans/frappe-bench/env/lib/python3.10/site-packages/click/core.py", line 1259, in invoke
    return _process_result(sub_ctx.command.invoke(sub_ctx))
  File "/home/gauritrans/frappe-bench/env/lib/python3.10/site-packages/click/core.py", line 1066, in invoke
    return ctx.invoke(self.callback, **ctx.params)
  File "/home/gauritrans/frappe-bench/env/lib/python3.10/site-packages/click/core.py", line 610, in invoke
    return callback(*args, **kwargs)
  File "/home/gauritrans/frappe-bench/apps/frappe/frappe/commands/scheduler.py", line 182, in start_scheduler
    start_scheduler()
  File "/home/gauritrans/frappe-bench/apps/frappe/frappe/utils/scheduler.py", line 41, in start_scheduler
    enqueue_events_for_all_sites()
  File "/home/gauritrans/frappe-bench/apps/frappe/frappe/utils/scheduler.py", line 56, in enqueue_events_for_all_sites
    enqueue_events_for_site(site=site)
  File "/home/gauritrans/frappe-bench/apps/frappe/frappe/utils/scheduler.py", line 71, in enqueue_events_for_site
    if is_scheduler_inactive():
  File "/home/gauritrans/frappe-bench/apps/frappe/frappe/utils/scheduler.py", line 110, in is_scheduler_inactive
    if is_scheduler_disabled(verbose=verbose):
  File "/home/gauritrans/frappe-bench/apps/frappe/frappe/utils/scheduler.py", line 123, in is_scheduler_disabled
    frappe.db.get_single_value("System Settings", "enable_scheduler")
  File "/home/gauritrans/frappe-bench/apps/frappe/frappe/database/database.py", line 773, in get_single_value
    ).run()
  File "/home/gauritrans/frappe-bench/apps/frappe/frappe/query_builder/utils.py", line 76, in execute_query
    return frappe.db.sql(query, params, *args, **kwargs)  # nosemgrep
  File "/home/gauritrans/frappe-bench/apps/frappe/frappe/database/database.py", line 247, in sql
    traceback.print_stack()
  File "/usr/lib/python3.10/runpy.py", line 196, in _run_module_as_main
    return _run_code(code, main_globals, None,
  File "/usr/lib/python3.10/runpy.py", line 86, in _run_code
    exec(code, run_globals)
  File "/home/gauritrans/frappe-bench/apps/frappe/frappe/utils/bench_helper.py", line 109, in <module>
    main()
  File "/home/gauritrans/frappe-bench/apps/frappe/frappe/utils/bench_helper.py", line 18, in main
    click.Group(commands=commands)(prog_name="bench")
  File "/home/gauritrans/frappe-bench/env/lib/python3.10/site-packages/click/core.py", line 829, in __call__
    return self.main(*args, **kwargs)
  File "/home/gauritrans/frappe-bench/env/lib/python3.10/site-packages/click/core.py", line 782, in main
    rv = self.invoke(ctx)
  File "/home/gauritrans/frappe-bench/env/lib/python3.10/site-packages/click/core.py", line 1259, in invoke
    return _process_result(sub_ctx.command.invoke(sub_ctx))
  File "/home/gauritrans/frappe-bench/env/lib/python3.10/site-packages/click/core.py", line 1259, in invoke
    return _process_result(sub_ctx.command.invoke(sub_ctx))
  File "/home/gauritrans/frappe-bench/env/lib/python3.10/site-packages/click/core.py", line 1066, in invoke
    return ctx.invoke(self.callback, **ctx.params)
  File "/home/gauritrans/frappe-bench/env/lib/python3.10/site-packages/click/core.py", line 610, in invoke
    return callback(*args, **kwargs)
  File "/home/gauritrans/frappe-bench/apps/frappe/frappe/commands/scheduler.py", line 182, in start_scheduler
    start_scheduler()
  File "/home/gauritrans/frappe-bench/apps/frappe/frappe/utils/scheduler.py", line 41, in start_scheduler
    enqueue_events_for_all_sites()
  File "/home/gauritrans/frappe-bench/apps/frappe/frappe/utils/scheduler.py", line 56, in enqueue_events_for_all_sites
    enqueue_events_for_site(site=site)
  File "/home/gauritrans/frappe-bench/apps/frappe/frappe/utils/scheduler.py", line 71, in enqueue_events_for_site
    if is_scheduler_inactive():
  File "/home/gauritrans/frappe-bench/apps/frappe/frappe/utils/scheduler.py", line 110, in is_scheduler_inactive
    if is_scheduler_disabled(verbose=verbose):
  File "/home/gauritrans/frappe-bench/apps/frappe/frappe/utils/scheduler.py", line 123, in is_scheduler_disabled
    frappe.db.get_single_value("System Settings", "enable_scheduler")
  File "/home/gauritrans/frappe-bench/apps/frappe/frappe/database/database.py", line 773, in get_single_value
    ).run()
  File "/home/gauritrans/frappe-bench/apps/frappe/frappe/query_builder/utils.py", line 76, in execute_query
    return frappe.db.sql(query, params, *args, **kwargs)  # nosemgrep
  File "/home/gauritrans/frappe-bench/apps/frappe/frappe/database/database.py", line 247, in sql
    traceback.print_stack()
